-------------------------------------------------------------------------------
Test set: controller.FeedControllerTest
-------------------------------------------------------------------------------
Tests run: 1, Failures: 1, Errors: 0, Skipped: 0, Time elapsed: 0.004 sec <<< FAILURE!
controller.FeedControllerTest.testGetFeed()  Time elapsed: 0.003 sec  <<< FAILURE!
java.lang.NullPointerException: Cannot invoke "ma.ac.inpt.service.FeedService.getUserFeed(String, java.util.Optional)" because "this.feedService" is null
	at controller.FeedControllerTest.testGetFeed(FeedControllerTest.java:42)

