-------------------------------------------------------------------------------
Test set: service.PostServiceTest
-------------------------------------------------------------------------------
Tests run: 2, Failures: 2, Errors: 0, Skipped: 0, Time elapsed: 0.035 sec <<< FAILURE!
service.PostServiceTest.testFindPostsIn_WithValidIds_ReturnsPostList()  Time elapsed: 0.034 sec  <<< FAILURE!
java.lang.NullPointerException: Cannot invoke "ma.ac.inpt.feignClient.PostClient.findPostsByIdIn(java.util.List)" because "this.postClient" is null
	at service.PostServiceTest.testFindPostsIn_WithValidIds_ReturnsPostList(PostServiceTest.java:38)

service.PostServiceTest.testFindPostsIn_WithInvalidIds_ThrowsUnableToGetPostsException()  Time elapsed: 0 sec  <<< FAILURE!
java.lang.NullPointerException: Cannot invoke "ma.ac.inpt.feignClient.PostClient.findPostsByIdIn(java.util.List)" because "this.postClient" is null
	at service.PostServiceTest.testFindPostsIn_WithInvalidIds_ThrowsUnableToGetPostsException(PostServiceTest.java:55)

