-------------------------------------------------------------------------------
Test set: service.FeedServiceTest
-------------------------------------------------------------------------------
Tests run: 2, Failures: 2, Errors: 0, Skipped: 0, Time elapsed: 0.793 sec <<< FAILURE!
service.FeedServiceTest.testGetUserFeed_WithInvalidUsername_ThrowsResourceNotFoundException()  Time elapsed: 0.785 sec  <<< FAILURE!
java.lang.NullPointerException: Cannot invoke "ma.ac.inpt.repo.Cassandra.findByUsername(String, org.springframework.data.domain.Pageable)" because "this.feedRepository" is null
	at service.FeedServiceTest.testGetUserFeed_WithInvalidUsername_ThrowsResourceNotFoundException(FeedServiceTest.java:91)

service.FeedServiceTest.testGetUserFeed_WithValidUsernameAndPagingState_ReturnsSlicedResult()  Time elapsed: 0.008 sec  <<< FAILURE!
org.mockito.exceptions.misusing.InvalidUseOfMatchersException: 
Misplaced or misused argument matcher detected here:
-> at service.FeedServiceTest.testGetUserFeed_WithInvalidUsername_ThrowsResourceNotFoundException(FeedServiceTest.java:91)
-> at service.FeedServiceTest.testGetUserFeed_WithInvalidUsername_ThrowsResourceNotFoundException(FeedServiceTest.java:91)
You cannot use argument matchers outside of verification or stubbing.
Examples of correct usage of argument matchers:
    when(mock.get(anyInt())).thenReturn(null);
    doThrow(new RuntimeException()).when(mock).someVoidMethod(any());
    verify(mock).someMethod(contains("foo"))
This message may appear after an NullPointerException if the last matcher is returning an object 
like any() but the stubbed method signature expect a primitive argument, in this case,
use primitive alternatives.
    when(mock.get(any())); // bad use, will raise NPE
    when(mock.get(anyInt())); // correct usage use
Also, this error might show up because you use argument matchers with methods that cannot be mocked.
Following methods *cannot* be stubbed/verified: final/private/equals()/hashCode().
Mocking methods declared on non-public parent classes is not supported.

	at service.FeedServiceTest.testGetUserFeed_WithValidUsernameAndPagingState_ReturnsSlicedResult(FeedServiceTest.java:56)

