<?xml version="1.0" encoding="UTF-8" ?>
<testsuite tests="2" failures="2" name="service.FeedServiceTest" time="0.793" errors="0" skipped="0">
  <properties>
[...]
</properties>
  <testcase classname="service.FeedServiceTest" name="service.FeedServiceTest.testGetUserFeed_WithInvalidUsername_ThrowsResourceNotFoundException" time="0.785">
    <failure message="Cannot invoke &quot;ma.ac.inpt.repo.Cassandra.findByUsername(String, org.springframework.data.domain.Pageable)&quot; because &quot;this.feedRepository&quot; is null" type="java.lang.NullPointerException">java.lang.NullPointerException: Cannot invoke &quot;ma.ac.inpt.repo.Cassandra.findByUsername(String, org.springframework.data.domain.Pageable)&quot; because &quot;this.feedRepository&quot; is null
	at service.FeedServiceTest.testGetUserFeed_WithInvalidUsername_ThrowsResourceNotFoundException(FeedServiceTest.java:91)
</failure>
  </testcase>
  <testcase classname="service.FeedServiceTest" name="service.FeedServiceTest.testGetUserFeed_WithValidUsernameAndPagingState_ReturnsSlicedResult" time="0.008">
    <failure message="
Misplaced or misused argument matcher detected here:

-&gt; at service.FeedServiceTest.testGetUserFeed_WithInvalidUsername_ThrowsResourceNotFoundException(FeedServiceTest.java:91)
-&gt; at service.FeedServiceTest.testGetUserFeed_WithInvalidUsername_ThrowsResourceNotFoundException(FeedServiceTest.java:91)

You cannot use argument matchers outside of verification or stubbing.
Examples of correct usage of argument matchers:
    when(mock.get(anyInt())).thenReturn(null);
    doThrow(new RuntimeException()).when(mock).someVoidMethod(any());
    verify(mock).someMethod(contains(&quot;foo&quot;))

This message may appear after an NullPointerException if the last matcher is returning an object 
like any() but the stubbed method signature expect a primitive argument, in this case,
use primitive alternatives.
    when(mock.get(any())); // bad use, will raise NPE
    when(mock.get(anyInt())); // correct usage use

Also, this error might show up because you use argument matchers with methods that cannot be mocked.
Following methods *cannot* be stubbed/verified: final/private/equals()/hashCode().
Mocking methods declared on non-public parent classes is not supported.
" type="org.mockito.exceptions.misusing.InvalidUseOfMatchersException">org.mockito.exceptions.misusing.InvalidUseOfMatchersException: 
Misplaced or misused argument matcher detected here:
-&gt; at service.FeedServiceTest.testGetUserFeed_WithInvalidUsername_ThrowsResourceNotFoundException(FeedServiceTest.java:91)
-&gt; at service.FeedServiceTest.testGetUserFeed_WithInvalidUsername_ThrowsResourceNotFoundException(FeedServiceTest.java:91)
You cannot use argument matchers outside of verification or stubbing.
Examples of correct usage of argument matchers:
    when(mock.get(anyInt())).thenReturn(null);
    doThrow(new RuntimeException()).when(mock).someVoidMethod(any());
    verify(mock).someMethod(contains(&quot;foo&quot;))
This message may appear after an NullPointerException if the last matcher is returning an object 
like any() but the stubbed method signature expect a primitive argument, in this case,
use primitive alternatives.
    when(mock.get(any())); // bad use, will raise NPE
    when(mock.get(anyInt())); // correct usage use
Also, this error might show up because you use argument matchers with methods that cannot be mocked.
Following methods *cannot* be stubbed/verified: final/private/equals()/hashCode().
Mocking methods declared on non-public parent classes is not supported.

	at service.FeedServiceTest.testGetUserFeed_WithValidUsernameAndPagingState_ReturnsSlicedResult(FeedServiceTest.java:56)
</failure>
  </testcase>
</testsuite>