<?xml version="1.0" encoding="UTF-8" ?>
<testsuite tests="1" failures="1" name="controller.FeedControllerTest" time="0.003" errors="0" skipped="0">
  <properties>
[...]
</properties>
  <testcase classname="controller.FeedControllerTest" name="controller.FeedControllerTest.testGetFeed" time="0.003">
    <failure message="Cannot invoke &quot;ma.ac.inpt.service.FeedService.getUserFeed(String, java.util.Optional)&quot; because &quot;this.feedService&quot; is null" type="java.lang.NullPointerException">java.lang.NullPointerException: Cannot invoke &quot;ma.ac.inpt.service.FeedService.getUserFeed(String, java.util.Optional)&quot; because &quot;this.feedService&quot; is null
	at controller.FeedControllerTest.testGetFeed(FeedControllerTest.java:42)
</failure>
  </testcase>
</testsuite>